<?xml version="1.0" encoding="UTF-8"?>
<coverage generated="1578202607999" clover="3.2.0">
  <project timestamp="1578202608000" name="All files">
    <metrics statements="15" coveredstatements="15" conditionals="8" coveredconditionals="8" methods="4" coveredmethods="4" elements="27" coveredelements="27" complexity="0" loc="15" ncloc="15" packages="1" files="1" classes="1"/>
    <file name="getDiff.js" path="/mnt/c/Users/X5/Desktop/projects/hexlet_proj_2/src/bin/getDiff.js">
      <metrics statements="15" coveredstatements="15" conditionals="8" coveredconditionals="8" methods="4" coveredmethods="4"/>
      <line num="5" count="1" type="stmt"/>
      <line num="6" count="1" type="stmt"/>
      <line num="8" count="1" type="stmt"/>
      <line num="9" count="3" type="stmt"/>
      <line num="10" count="1" type="stmt"/>
      <line num="11" count="1" type="stmt"/>
      <line num="12" count="5" type="cond" truecount="4" falsecount="0"/>
      <line num="13" count="2" type="cond" truecount="2" falsecount="0"/>
      <line num="14" count="1" type="stmt"/>
      <line num="16" count="1" type="stmt"/>
      <line num="18" count="3" type="cond" truecount="2" falsecount="0"/>
      <line num="19" count="1" type="stmt"/>
      <line num="21" count="2" type="stmt"/>
      <line num="23" count="6" type="stmt"/>
      <line num="24" count="1" type="stmt"/>
    </file>
  </project>
</coverage>
