{"/mnt/c/Users/X5/Desktop/projects/hexlet_proj_2/src/bin/getDiff.js": {"path":"/mnt/c/Users/X5/Desktop/projects/hexlet_proj_2/src/bin/getDiff.js","statementMap":{"0":{"start":{"line":5,"column":20},"end":{"line":5,"column":72}},"1":{"start":{"line":6,"column":21},"end":{"line":6,"column":74}},"2":{"start":{"line":8,"column":15},"end":{"line":8,"column":37}},"3":{"start":{"line":9,"column":24},"end":{"line":9,"column":84}},"4":{"start":{"line":9,"column":64},"end":{"line":9,"column":83}},"5":{"start":{"line":10,"column":20},"end":{"line":10,"column":46}},"6":{"start":{"line":11,"column":21},"end":{"line":22,"column":8}},"7":{"start":{"line":12,"column":4},"end":{"line":17,"column":5}},"8":{"start":{"line":13,"column":6},"end":{"line":15,"column":7}},"9":{"start":{"line":14,"column":8},"end":{"line":14,"column":58}},"10":{"start":{"line":16,"column":6},"end":{"line":16,"column":87}},"11":{"start":{"line":18,"column":4},"end":{"line":20,"column":5}},"12":{"start":{"line":19,"column":6},"end":{"line":19,"column":57}},"13":{"start":{"line":21,"column":4},"end":{"line":21,"column":54}},"14":{"start":{"line":23,"column":17},"end":{"line":23,"column":98}},"15":{"start":{"line":23,"column":66},"end":{"line":23,"column":86}},"16":{"start":{"line":24,"column":2},"end":{"line":26,"column":3}}},"fnMap":{"0":{"name":"(anonymous_0)","decl":{"start":{"line":4,"column":15},"end":{"line":4,"column":16}},"loc":{"start":{"line":4,"column":54},"end":{"line":27,"column":1}},"line":4},"1":{"name":"(anonymous_1)","decl":{"start":{"line":9,"column":55},"end":{"line":9,"column":56}},"loc":{"start":{"line":9,"column":64},"end":{"line":9,"column":83}},"line":9},"2":{"name":"(anonymous_2)","decl":{"start":{"line":11,"column":38},"end":{"line":11,"column":39}},"loc":{"start":{"line":11,"column":52},"end":{"line":22,"column":3}},"line":11},"3":{"name":"(anonymous_3)","decl":{"start":{"line":23,"column":48},"end":{"line":23,"column":49}},"loc":{"start":{"line":23,"column":66},"end":{"line":23,"column":86}},"line":23}},"branchMap":{"0":{"loc":{"start":{"line":12,"column":4},"end":{"line":17,"column":5}},"type":"if","locations":[{"start":{"line":12,"column":4},"end":{"line":17,"column":5}},{"start":{"line":12,"column":4},"end":{"line":17,"column":5}}],"line":12},"1":{"loc":{"start":{"line":12,"column":8},"end":{"line":12,"column":51}},"type":"binary-expr","locations":[{"start":{"line":12,"column":8},"end":{"line":12,"column":27}},{"start":{"line":12,"column":31},"end":{"line":12,"column":51}}],"line":12},"2":{"loc":{"start":{"line":13,"column":6},"end":{"line":15,"column":7}},"type":"if","locations":[{"start":{"line":13,"column":6},"end":{"line":15,"column":7}},{"start":{"line":13,"column":6},"end":{"line":15,"column":7}}],"line":13},"3":{"loc":{"start":{"line":18,"column":4},"end":{"line":20,"column":5}},"type":"if","locations":[{"start":{"line":18,"column":4},"end":{"line":20,"column":5}},{"start":{"line":18,"column":4},"end":{"line":20,"column":5}}],"line":18}},"s":{"0":1,"1":1,"2":1,"3":1,"4":3,"5":1,"6":1,"7":5,"8":2,"9":1,"10":1,"11":3,"12":1,"13":2,"14":1,"15":6,"16":1},"f":{"0":1,"1":3,"2":5,"3":6},"b":{"0":[2,3],"1":[5,4],"2":[1,1],"3":[1,2]},"_coverageSchema":"43e27e138ebf9cfc5966b082cf9a028302ed4184","hash":"d8480004586d3bd3ceaf0afdba4199852dd22877"}
}
