TN:
SF:/mnt/c/Users/X5/Desktop/projects/hexlet_proj_2/src/bin/getDiff.js
FN:4,(anonymous_0)
FN:9,(anonymous_1)
FN:11,(anonymous_2)
FN:23,(anonymous_3)
FNF:4
FNH:4
FNDA:1,(anonymous_0)
FNDA:3,(anonymous_1)
FNDA:5,(anonymous_2)
FNDA:6,(anonymous_3)
DA:5,1
DA:6,1
DA:8,1
DA:9,3
DA:10,1
DA:11,1
DA:12,5
DA:13,2
DA:14,1
DA:16,1
DA:18,3
DA:19,1
DA:21,2
DA:23,6
DA:24,1
LF:15
LH:15
BRDA:12,0,0,2
BRDA:12,0,1,3
BRDA:12,1,0,5
BRDA:12,1,1,4
BRDA:13,2,0,1
BRDA:13,2,1,1
BRDA:18,3,0,1
BRDA:18,3,1,2
BRF:8
BRH:8
end_of_record
